{"/Users/haydenjamescooper/projects/courses/code-401/api-server/src/middleware/logger.js": {"path":"/Users/haydenjamescooper/projects/courses/code-401/api-server/src/middleware/logger.js","statementMap":{"0":{"start":{"line":2,"column":4},"end":{"line":2,"column":45}},"1":{"start":{"line":3,"column":4},"end":{"line":3,"column":11}},"2":{"start":{"line":6,"column":2},"end":{"line":6,"column":26}}},"fnMap":{"0":{"name":"logger","decl":{"start":{"line":1,"column":9},"end":{"line":1,"column":15}},"loc":{"start":{"line":1,"column":32},"end":{"line":4,"column":3}},"line":1}},"branchMap":{},"s":{"0":1,"1":1,"2":1},"f":{"0":1},"b":{},"_coverageSchema":"1a1c01bbd47fc00a2c39e90264f33305004495a9","hash":"9facc3987dc1dd59611a54c3047f4fe9406b6f3d"}
}
